<?xml version="1.0" encoding="UTF-8"?>
<!-- Generated by org.testng.reporters.JUnitXMLReporter -->
<testsuite hostname="Nikil" name="Command line test" tests="7" failures="0" timestamp="5 Jul 2018 15:16:50 GMT" time="63.714" errors="0">
  <testcase name="Newcontact" time="0.515" classname="com.crm.testcases.ContactsPageTest"/>
  <testcase name="Newcontact" time="0.497" classname="com.crm.testcases.ContactsPageTest"/>
  <testcase name="crmlogotest" time="0.081" classname="com.crm.testcases.LoginTest"/>
  <testcase name="loginpagetest" time="4.905" classname="com.crm.testcases.LoginTest"/>
  <testcase name="loginpagetitletest" time="0.058" classname="com.crm.testcases.LoginTest"/>
  <testcase name="verifyhometitle" time="0.267" classname="com.crm.testcases.HomePageTest"/>
  <testcase name="click" time="0.894" classname="com.crm.testcases.HomePageTest"/>
</testsuite> <!-- Command line test -->
