<?xml version="1.0" encoding="UTF-8" ?>
<testsuite tests="7" failures="0" name="TestSuite" time="5.778" errors="0" skipped="0">
  <properties>
[...]
</properties>
  <testcase classname="com.crm.testcases.ContactsPageTest" name="Newcontact" time="0.524"/>
  <testcase classname="com.crm.testcases.ContactsPageTest" name="Newcontact" time="0.574"/>
  <testcase classname="com.crm.testcases.LoginTest" name="crmlogotest" time="0.053"/>
  <testcase classname="com.crm.testcases.LoginTest" name="loginpagetest" time="3.578"/>
  <testcase classname="com.crm.testcases.LoginTest" name="loginpagetitletest" time="0.009"/>
  <testcase classname="com.crm.testcases.HomePageTest" name="verifyhometitle" time="0.231"/>
  <testcase classname="com.crm.testcases.HomePageTest" name="click" time="0.809"/>
</testsuite>