<?xml version="1.0" encoding="UTF-8"?>
<testng-results skipped="0" failed="0" total="7" passed="7">
  <reporter-output>
  </reporter-output>
  <suite name="Command line suite" duration-ms="63714" started-at="2018-07-05T15:15:47Z" finished-at="2018-07-05T15:16:50Z">
    <groups>
    </groups>
    <test name="Command line test" duration-ms="63714" started-at="2018-07-05T15:15:47Z" finished-at="2018-07-05T15:16:50Z">
      <class name="com.crm.testcases.HomePageTest">
        <test-method status="PASS" signature="setup()[pri:0, instance:com.crm.testcases.HomePageTest@cb5822]" name="setup" is-config="true" duration-ms="6929" started-at="2018-07-05T11:16:33Z" finished-at="2018-07-05T11:16:40Z">
          <reporter-output>
          </reporter-output>
        </test-method> <!-- setup -->
        <test-method status="PASS" signature="verifyhometitle()[pri:0, instance:com.crm.testcases.HomePageTest@cb5822]" name="verifyhometitle" duration-ms="267" started-at="2018-07-05T11:16:40Z" finished-at="2018-07-05T11:16:41Z">
          <reporter-output>
          </reporter-output>
        </test-method> <!-- verifyhometitle -->
        <test-method status="PASS" signature="quit()[pri:0, instance:com.crm.testcases.HomePageTest@cb5822]" name="quit" is-config="true" duration-ms="887" started-at="2018-07-05T11:16:41Z" finished-at="2018-07-05T11:16:41Z">
          <reporter-output>
          </reporter-output>
        </test-method> <!-- quit -->
        <test-method status="PASS" signature="setup()[pri:0, instance:com.crm.testcases.HomePageTest@cb5822]" name="setup" is-config="true" duration-ms="7074" started-at="2018-07-05T11:16:41Z" finished-at="2018-07-05T11:16:49Z">
          <reporter-output>
          </reporter-output>
        </test-method> <!-- setup -->
        <test-method status="PASS" signature="click()[pri:0, instance:com.crm.testcases.HomePageTest@cb5822]" name="click" duration-ms="894" started-at="2018-07-05T11:16:49Z" finished-at="2018-07-05T11:16:49Z">
          <reporter-output>
          </reporter-output>
        </test-method> <!-- click -->
        <test-method status="PASS" signature="quit()[pri:0, instance:com.crm.testcases.HomePageTest@cb5822]" name="quit" is-config="true" duration-ms="908" started-at="2018-07-05T11:16:49Z" finished-at="2018-07-05T11:16:50Z">
          <reporter-output>
          </reporter-output>
        </test-method> <!-- quit -->
      </class> <!-- com.crm.testcases.HomePageTest -->
      <class name="com.crm.testcases.ContactsPageTest">
        <test-method status="PASS" signature="setup()[pri:0, instance:com.crm.testcases.ContactsPageTest@1b604f19]" name="setup" is-config="true" duration-ms="14080" started-at="2018-07-05T11:15:47Z" finished-at="2018-07-05T11:16:01Z">
          <reporter-output>
          </reporter-output>
        </test-method> <!-- setup -->
        <test-method status="PASS" signature="Newcontact(java.lang.String, java.lang.String, java.lang.String)[pri:0, instance:com.crm.testcases.ContactsPageTest@1b604f19]" name="Newcontact" duration-ms="515" started-at="2018-07-05T11:16:01Z" data-provider="getcontact" finished-at="2018-07-05T11:16:02Z">
          <params>
            <param index="0">
              <value>
                <![CDATA[Mr.]]>
              </value>
            </param>
            <param index="1">
              <value>
                <![CDATA[tom]]>
              </value>
            </param>
            <param index="2">
              <value>
                <![CDATA[chris]]>
              </value>
            </param>
          </params>
          <reporter-output>
          </reporter-output>
        </test-method> <!-- Newcontact -->
        <test-method status="PASS" signature="quit()[pri:0, instance:com.crm.testcases.ContactsPageTest@1b604f19]" name="quit" is-config="true" duration-ms="1157" started-at="2018-07-05T11:16:02Z" finished-at="2018-07-05T11:16:03Z">
          <reporter-output>
          </reporter-output>
        </test-method> <!-- quit -->
        <test-method status="PASS" signature="setup()[pri:0, instance:com.crm.testcases.ContactsPageTest@1b604f19]" name="setup" is-config="true" duration-ms="8341" started-at="2018-07-05T11:16:03Z" finished-at="2018-07-05T11:16:11Z">
          <reporter-output>
          </reporter-output>
        </test-method> <!-- setup -->
        <test-method status="PASS" signature="Newcontact(java.lang.String, java.lang.String, java.lang.String)[pri:0, instance:com.crm.testcases.ContactsPageTest@1b604f19]" name="Newcontact" duration-ms="497" started-at="2018-07-05T11:16:11Z" data-provider="getcontact" finished-at="2018-07-05T11:16:12Z">
          <params>
            <param index="0">
              <value>
                <![CDATA[Mr.]]>
              </value>
            </param>
            <param index="1">
              <value>
                <![CDATA[david ]]>
              </value>
            </param>
            <param index="2">
              <value>
                <![CDATA[james]]>
              </value>
            </param>
          </params>
          <reporter-output>
          </reporter-output>
        </test-method> <!-- Newcontact -->
        <test-method status="PASS" signature="quit()[pri:0, instance:com.crm.testcases.ContactsPageTest@1b604f19]" name="quit" is-config="true" duration-ms="949" started-at="2018-07-05T11:16:12Z" finished-at="2018-07-05T11:16:13Z">
          <reporter-output>
          </reporter-output>
        </test-method> <!-- quit -->
      </class> <!-- com.crm.testcases.ContactsPageTest -->
      <class name="com.crm.testcases.LoginTest">
        <test-method status="PASS" signature="setup()[pri:0, instance:com.crm.testcases.LoginTest@4b9e13df]" name="setup" is-config="true" duration-ms="4165" started-at="2018-07-05T11:16:13Z" finished-at="2018-07-05T11:16:17Z">
          <reporter-output>
          </reporter-output>
        </test-method> <!-- setup -->
        <test-method status="PASS" signature="crmlogotest()[pri:0, instance:com.crm.testcases.LoginTest@4b9e13df]" name="crmlogotest" duration-ms="81" started-at="2018-07-05T11:16:17Z" finished-at="2018-07-05T11:16:17Z">
          <reporter-output>
          </reporter-output>
        </test-method> <!-- crmlogotest -->
        <test-method status="PASS" signature="quit()[pri:0, instance:com.crm.testcases.LoginTest@4b9e13df]" name="quit" is-config="true" duration-ms="915" started-at="2018-07-05T11:16:17Z" finished-at="2018-07-05T11:16:18Z">
          <reporter-output>
          </reporter-output>
        </test-method> <!-- quit -->
        <test-method status="PASS" signature="setup()[pri:0, instance:com.crm.testcases.LoginTest@4b9e13df]" name="setup" is-config="true" duration-ms="4478" started-at="2018-07-05T11:16:18Z" finished-at="2018-07-05T11:16:22Z">
          <reporter-output>
          </reporter-output>
        </test-method> <!-- setup -->
        <test-method status="PASS" signature="loginpagetest()[pri:0, instance:com.crm.testcases.LoginTest@4b9e13df]" name="loginpagetest" duration-ms="4905" started-at="2018-07-05T11:16:22Z" finished-at="2018-07-05T11:16:27Z">
          <reporter-output>
          </reporter-output>
        </test-method> <!-- loginpagetest -->
        <test-method status="PASS" signature="quit()[pri:0, instance:com.crm.testcases.LoginTest@4b9e13df]" name="quit" is-config="true" duration-ms="934" started-at="2018-07-05T11:16:27Z" finished-at="2018-07-05T11:16:28Z">
          <reporter-output>
          </reporter-output>
        </test-method> <!-- quit -->
        <test-method status="PASS" signature="setup()[pri:0, instance:com.crm.testcases.LoginTest@4b9e13df]" name="setup" is-config="true" duration-ms="4074" started-at="2018-07-05T11:16:28Z" finished-at="2018-07-05T11:16:32Z">
          <reporter-output>
          </reporter-output>
        </test-method> <!-- setup -->
        <test-method status="PASS" signature="loginpagetitletest()[pri:0, instance:com.crm.testcases.LoginTest@4b9e13df]" name="loginpagetitletest" duration-ms="58" started-at="2018-07-05T11:16:32Z" finished-at="2018-07-05T11:16:32Z">
          <reporter-output>
          </reporter-output>
        </test-method> <!-- loginpagetitletest -->
        <test-method status="PASS" signature="quit()[pri:0, instance:com.crm.testcases.LoginTest@4b9e13df]" name="quit" is-config="true" duration-ms="887" started-at="2018-07-05T11:16:32Z" finished-at="2018-07-05T11:16:33Z">
          <reporter-output>
          </reporter-output>
        </test-method> <!-- quit -->
      </class> <!-- com.crm.testcases.LoginTest -->
    </test> <!-- Command line test -->
  </suite> <!-- Command line suite -->
</testng-results>
