<?xml version="1.0" encoding="UTF-8"?>
<testng-results skipped="1" failed="1" total="7" passed="5">
  <reporter-output>
  </reporter-output>
  <suite name="SuiteName" duration-ms="177785" started-at="2018-07-03T19:46:17Z" finished-at="2018-07-03T19:49:14Z">
    <groups>
    </groups>
    <test name="LoginTest" duration-ms="35340" started-at="2018-07-03T19:46:17Z" finished-at="2018-07-03T19:46:52Z">
      <class name="com.crm.testcases.LoginTest">
        <test-method status="PASS" signature="setup()[pri:0, instance:com.crm.testcases.LoginTest@6a4f787b]" name="setup" is-config="true" duration-ms="6125" started-at="2018-07-03T15:46:17Z" finished-at="2018-07-03T15:46:23Z">
          <reporter-output>
          </reporter-output>
        </test-method> <!-- setup -->
        <test-method status="PASS" signature="crmlogotest()[pri:0, instance:com.crm.testcases.LoginTest@6a4f787b]" name="crmlogotest" duration-ms="94" started-at="2018-07-03T15:46:23Z" finished-at="2018-07-03T15:46:23Z">
          <reporter-output>
          </reporter-output>
        </test-method> <!-- crmlogotest -->
        <test-method status="PASS" signature="quit()[pri:0, instance:com.crm.testcases.LoginTest@6a4f787b]" name="quit" is-config="true" duration-ms="2411" started-at="2018-07-03T15:46:23Z" finished-at="2018-07-03T15:46:25Z">
          <reporter-output>
          </reporter-output>
        </test-method> <!-- quit -->
        <test-method status="PASS" signature="setup()[pri:0, instance:com.crm.testcases.LoginTest@6a4f787b]" name="setup" is-config="true" duration-ms="6500" started-at="2018-07-03T15:46:25Z" finished-at="2018-07-03T15:46:32Z">
          <reporter-output>
          </reporter-output>
        </test-method> <!-- setup -->
        <test-method status="PASS" signature="loginpagetest()[pri:0, instance:com.crm.testcases.LoginTest@6a4f787b]" name="loginpagetest" duration-ms="13791" started-at="2018-07-03T15:46:32Z" finished-at="2018-07-03T15:46:46Z">
          <reporter-output>
          </reporter-output>
        </test-method> <!-- loginpagetest -->
        <test-method status="PASS" signature="quit()[pri:0, instance:com.crm.testcases.LoginTest@6a4f787b]" name="quit" is-config="true" duration-ms="917" started-at="2018-07-03T15:46:46Z" finished-at="2018-07-03T15:46:47Z">
          <reporter-output>
          </reporter-output>
        </test-method> <!-- quit -->
        <test-method status="PASS" signature="setup()[pri:0, instance:com.crm.testcases.LoginTest@6a4f787b]" name="setup" is-config="true" duration-ms="4556" started-at="2018-07-03T15:46:47Z" finished-at="2018-07-03T15:46:51Z">
          <reporter-output>
          </reporter-output>
        </test-method> <!-- setup -->
        <test-method status="PASS" signature="loginpagetitletest()[pri:0, instance:com.crm.testcases.LoginTest@6a4f787b]" name="loginpagetitletest" duration-ms="14" started-at="2018-07-03T15:46:51Z" finished-at="2018-07-03T15:46:51Z">
          <reporter-output>
          </reporter-output>
        </test-method> <!-- loginpagetitletest -->
        <test-method status="PASS" signature="quit()[pri:0, instance:com.crm.testcases.LoginTest@6a4f787b]" name="quit" is-config="true" duration-ms="909" started-at="2018-07-03T15:46:51Z" finished-at="2018-07-03T15:46:52Z">
          <reporter-output>
          </reporter-output>
        </test-method> <!-- quit -->
      </class> <!-- com.crm.testcases.LoginTest -->
    </test> <!-- LoginTest -->
    <test name="HomePageTest" duration-ms="97194" started-at="2018-07-03T19:46:52Z" finished-at="2018-07-03T19:48:29Z">
      <class name="com.crm.testcases.HomePageTest">
        <test-method status="PASS" signature="setup()[pri:0, instance:com.crm.testcases.HomePageTest@59ec2012]" name="setup" is-config="true" duration-ms="16868" started-at="2018-07-03T15:46:52Z" finished-at="2018-07-03T15:47:09Z">
          <reporter-output>
          </reporter-output>
        </test-method> <!-- setup -->
        <test-method status="PASS" signature="verifyhometitle()[pri:0, instance:com.crm.testcases.HomePageTest@59ec2012]" name="verifyhometitle" duration-ms="109" started-at="2018-07-03T15:47:09Z" finished-at="2018-07-03T15:47:09Z">
          <reporter-output>
          </reporter-output>
        </test-method> <!-- verifyhometitle -->
        <test-method status="PASS" signature="quit()[pri:0, instance:com.crm.testcases.HomePageTest@59ec2012]" name="quit" is-config="true" duration-ms="927" started-at="2018-07-03T15:47:09Z" finished-at="2018-07-03T15:47:10Z">
          <reporter-output>
          </reporter-output>
        </test-method> <!-- quit -->
        <test-method status="PASS" signature="setup()[pri:0, instance:com.crm.testcases.HomePageTest@59ec2012]" name="setup" is-config="true" duration-ms="12024" started-at="2018-07-03T15:47:10Z" finished-at="2018-07-03T15:47:22Z">
          <reporter-output>
          </reporter-output>
        </test-method> <!-- setup -->
        <test-method status="FAIL" signature="click()[pri:0, instance:com.crm.testcases.HomePageTest@59ec2012]" name="click" duration-ms="66363" started-at="2018-07-03T15:47:22Z" finished-at="2018-07-03T15:48:28Z">
          <exception class="java.lang.NullPointerException">
            <full-stacktrace>
              <![CDATA[java.lang.NullPointerException
	at org.openqa.selenium.support.events.EventFiringWebDriver.extractInterfaces(EventFiringWebDriver.java:119)
	at org.openqa.selenium.support.events.EventFiringWebDriver.access$500(EventFiringWebDriver.java:65)
	at org.openqa.selenium.support.events.EventFiringWebDriver$EventFiringWebElement.<init>(EventFiringWebDriver.java:328)
	at org.openqa.selenium.support.events.EventFiringWebDriver$EventFiringWebElement.<init>(EventFiringWebDriver.java:320)
	at org.openqa.selenium.support.events.EventFiringWebDriver.createWebElement(EventFiringWebDriver.java:290)
	at org.openqa.selenium.support.events.EventFiringWebDriver.findElement(EventFiringWebDriver.java:190)
	at org.openqa.selenium.support.pagefactory.DefaultElementLocator.findElement(DefaultElementLocator.java:69)
	at org.openqa.selenium.support.pagefactory.internal.LocatingElementHandler.invoke(LocatingElementHandler.java:38)
	at com.sun.proxy.$Proxy10.click(Unknown Source)
	at com.crm.pages.HomePage.clickonContacts(HomePage.java:51)
	at com.crm.testcases.HomePageTest.click(HomePageTest.java:45)
	at sun.reflect.NativeMethodAccessorImpl.invoke0(Native Method)
	at sun.reflect.NativeMethodAccessorImpl.invoke(NativeMethodAccessorImpl.java:62)
	at sun.reflect.DelegatingMethodAccessorImpl.invoke(DelegatingMethodAccessorImpl.java:43)
	at java.lang.reflect.Method.invoke(Method.java:498)
	at org.testng.internal.MethodInvocationHelper.invokeMethod(MethodInvocationHelper.java:85)
	at org.testng.internal.Invoker.invokeMethod(Invoker.java:639)
	at org.testng.internal.Invoker.invokeTestMethod(Invoker.java:821)
	at org.testng.internal.Invoker.invokeTestMethods(Invoker.java:1131)
	at org.testng.internal.TestMethodWorker.invokeTestMethods(TestMethodWorker.java:124)
	at org.testng.internal.TestMethodWorker.run(TestMethodWorker.java:108)
	at org.testng.TestRunner.privateRun(TestRunner.java:773)
	at org.testng.TestRunner.run(TestRunner.java:623)
	at org.testng.SuiteRunner.runTest(SuiteRunner.java:357)
	at org.testng.SuiteRunner.runSequentially(SuiteRunner.java:352)
	at org.testng.SuiteRunner.privateRun(SuiteRunner.java:310)
	at org.testng.SuiteRunner.run(SuiteRunner.java:259)
	at org.testng.SuiteRunnerWorker.runSuite(SuiteRunnerWorker.java:52)
	at org.testng.SuiteRunnerWorker.run(SuiteRunnerWorker.java:86)
	at org.testng.TestNG.runSuitesSequentially(TestNG.java:1185)
	at org.testng.TestNG.runSuitesLocally(TestNG.java:1110)
	at org.testng.TestNG.run(TestNG.java:1018)
	at org.testng.remote.AbstractRemoteTestNG.run(AbstractRemoteTestNG.java:132)
	at org.testng.remote.RemoteTestNG.initAndRun(RemoteTestNG.java:230)
	at org.testng.remote.RemoteTestNG.main(RemoteTestNG.java:76)
]]>
            </full-stacktrace>
          </exception> <!-- java.lang.NullPointerException -->
          <reporter-output>
          </reporter-output>
        </test-method> <!-- click -->
        <test-method status="PASS" signature="quit()[pri:0, instance:com.crm.testcases.HomePageTest@59ec2012]" name="quit" is-config="true" duration-ms="886" started-at="2018-07-03T15:48:28Z" finished-at="2018-07-03T15:48:29Z">
          <reporter-output>
          </reporter-output>
        </test-method> <!-- quit -->
      </class> <!-- com.crm.testcases.HomePageTest -->
    </test> <!-- HomePageTest -->
    <test name="ContactsPageTest" duration-ms="45216" started-at="2018-07-03T19:48:29Z" finished-at="2018-07-03T19:49:14Z">
      <class name="com.crm.testcases.ContactsPageTest">
        <test-method status="PASS" signature="setup()[pri:0, instance:com.crm.testcases.ContactsPageTest@e45f292]" name="setup" is-config="true" duration-ms="25447" started-at="2018-07-03T15:48:30Z" finished-at="2018-07-03T15:48:55Z">
          <reporter-output>
          </reporter-output>
        </test-method> <!-- setup -->
        <test-method status="PASS" signature="Newcontact(java.lang.String, java.lang.String, java.lang.String)[pri:0, instance:com.crm.testcases.ContactsPageTest@e45f292]" name="Newcontact" duration-ms="604" started-at="2018-07-03T15:48:55Z" data-provider="getcontact" finished-at="2018-07-03T15:48:56Z">
          <params>
            <param index="0">
              <value>
                <![CDATA[Mr.]]>
              </value>
            </param>
            <param index="1">
              <value>
                <![CDATA[tom]]>
              </value>
            </param>
            <param index="2">
              <value>
                <![CDATA[chris]]>
              </value>
            </param>
          </params>
          <reporter-output>
          </reporter-output>
        </test-method> <!-- Newcontact -->
        <test-method status="PASS" signature="quit()[pri:0, instance:com.crm.testcases.ContactsPageTest@e45f292]" name="quit" is-config="true" duration-ms="978" started-at="2018-07-03T15:48:56Z" finished-at="2018-07-03T15:48:57Z">
          <reporter-output>
          </reporter-output>
        </test-method> <!-- quit -->
        <test-method status="FAIL" signature="setup()[pri:0, instance:com.crm.testcases.ContactsPageTest@e45f292]" name="setup" is-config="true" duration-ms="0" started-at="2018-07-03T15:48:57Z" finished-at="2018-07-03T15:48:57Z">
          <exception class="org.openqa.selenium.ElementNotVisibleException">
            <message>
              <![CDATA[element not visible
  (Session info: chrome=67.0.3396.99)
  (Driver info: chromedriver=2.40.565498 (ea082db3280dd6843ebfb08a625e3eb905c4f5ab),platform=Windows NT 6.3.9600 x86_64) (WARNING: The server did not provide any stacktrace information)
Command duration or timeout: 31 milliseconds
Build info: version: '2.53.0', revision: '35ae25b1534ae328c771e0856c93e187490ca824', time: '2016-03-15 10:43:46'
System info: host: 'Nikil', ip: '192.168.254.4', os.name: 'Windows 8.1', os.arch: 'amd64', os.version: '6.3', java.version: '1.8.0_131'
Driver info: org.openqa.selenium.chrome.ChromeDriver
Capabilities [{applicationCacheEnabled=false, rotatable=false, mobileEmulationEnabled=false, networkConnectionEnabled=false, chrome={chromedriverVersion=2.40.565498 (ea082db3280dd6843ebfb08a625e3eb905c4f5ab), userDataDir=C:\Users\NIKILK~1\AppData\Local\Temp\scoped_dir13084_8956}, takesHeapSnapshot=true, pageLoadStrategy=normal, databaseEnabled=false, handlesAlerts=true, hasTouchScreen=false, version=67.0.3396.99, platform=WIN8_1, browserConnectionEnabled=false, nativeEvents=true, acceptSslCerts=false, acceptInsecureCerts=false, locationContextEnabled=true, webStorageEnabled=true, browserName=chrome, takesScreenshot=true, javascriptEnabled=true, cssSelectorsEnabled=true, setWindowRect=true, unexpectedAlertBehaviour=}]
Session ID: 2a4f520101e358d93225d28fdc9fce66]]>
            </message>
            <full-stacktrace>
              <![CDATA[org.openqa.selenium.ElementNotVisibleException: element not visible
  (Session info: chrome=67.0.3396.99)
  (Driver info: chromedriver=2.40.565498 (ea082db3280dd6843ebfb08a625e3eb905c4f5ab),platform=Windows NT 6.3.9600 x86_64) (WARNING: The server did not provide any stacktrace information)
Command duration or timeout: 31 milliseconds
Build info: version: '2.53.0', revision: '35ae25b1534ae328c771e0856c93e187490ca824', time: '2016-03-15 10:43:46'
System info: host: 'Nikil', ip: '192.168.254.4', os.name: 'Windows 8.1', os.arch: 'amd64', os.version: '6.3', java.version: '1.8.0_131'
Driver info: org.openqa.selenium.chrome.ChromeDriver
Capabilities [{applicationCacheEnabled=false, rotatable=false, mobileEmulationEnabled=false, networkConnectionEnabled=false, chrome={chromedriverVersion=2.40.565498 (ea082db3280dd6843ebfb08a625e3eb905c4f5ab), userDataDir=C:\Users\NIKILK~1\AppData\Local\Temp\scoped_dir13084_8956}, takesHeapSnapshot=true, pageLoadStrategy=normal, databaseEnabled=false, handlesAlerts=true, hasTouchScreen=false, version=67.0.3396.99, platform=WIN8_1, browserConnectionEnabled=false, nativeEvents=true, acceptSslCerts=false, acceptInsecureCerts=false, locationContextEnabled=true, webStorageEnabled=true, browserName=chrome, takesScreenshot=true, javascriptEnabled=true, cssSelectorsEnabled=true, setWindowRect=true, unexpectedAlertBehaviour=}]
Session ID: 2a4f520101e358d93225d28fdc9fce66
	at sun.reflect.NativeConstructorAccessorImpl.newInstance0(Native Method)
	at sun.reflect.NativeConstructorAccessorImpl.newInstance(NativeConstructorAccessorImpl.java:62)
	at sun.reflect.DelegatingConstructorAccessorImpl.newInstance(DelegatingConstructorAccessorImpl.java:45)
	at java.lang.reflect.Constructor.newInstance(Constructor.java:423)
	at org.openqa.selenium.remote.ErrorHandler.createThrowable(ErrorHandler.java:206)
	at org.openqa.selenium.remote.ErrorHandler.throwIfResponseFailed(ErrorHandler.java:158)
	at org.openqa.selenium.remote.RemoteWebDriver.execute(RemoteWebDriver.java:678)
	at org.openqa.selenium.remote.RemoteWebElement.execute(RemoteWebElement.java:327)
	at org.openqa.selenium.remote.RemoteWebElement.click(RemoteWebElement.java:85)
	at sun.reflect.NativeMethodAccessorImpl.invoke0(Native Method)
	at sun.reflect.NativeMethodAccessorImpl.invoke(NativeMethodAccessorImpl.java:62)
	at sun.reflect.DelegatingMethodAccessorImpl.invoke(DelegatingMethodAccessorImpl.java:43)
	at java.lang.reflect.Method.invoke(Method.java:498)
	at org.openqa.selenium.support.events.EventFiringWebDriver$EventFiringWebElement$1.invoke(EventFiringWebDriver.java:335)
	at com.sun.proxy.$Proxy11.click(Unknown Source)
	at org.openqa.selenium.support.events.EventFiringWebDriver$EventFiringWebElement.click(EventFiringWebDriver.java:348)
	at sun.reflect.NativeMethodAccessorImpl.invoke0(Native Method)
	at sun.reflect.NativeMethodAccessorImpl.invoke(NativeMethodAccessorImpl.java:62)
	at sun.reflect.DelegatingMethodAccessorImpl.invoke(DelegatingMethodAccessorImpl.java:43)
	at java.lang.reflect.Method.invoke(Method.java:498)
	at org.openqa.selenium.support.pagefactory.internal.LocatingElementHandler.invoke(LocatingElementHandler.java:51)
	at com.sun.proxy.$Proxy10.click(Unknown Source)
	at com.crm.pages.HomePage.clickonNewcontact(HomePage.java:62)
	at com.crm.testcases.ContactsPageTest.setup(ContactsPageTest.java:39)
	at sun.reflect.NativeMethodAccessorImpl.invoke0(Native Method)
	at sun.reflect.NativeMethodAccessorImpl.invoke(NativeMethodAccessorImpl.java:62)
	at sun.reflect.DelegatingMethodAccessorImpl.invoke(DelegatingMethodAccessorImpl.java:43)
	at java.lang.reflect.Method.invoke(Method.java:498)
	at org.testng.internal.MethodInvocationHelper.invokeMethod(MethodInvocationHelper.java:85)
	at org.testng.internal.Invoker.invokeConfigurationMethod(Invoker.java:510)
	at org.testng.internal.Invoker.invokeConfigurations(Invoker.java:211)
	at org.testng.internal.Invoker.invokeMethod(Invoker.java:585)
	at org.testng.internal.Invoker.invokeTestMethod(Invoker.java:821)
	at org.testng.internal.Invoker.invokeTestMethods(Invoker.java:1131)
	at org.testng.internal.TestMethodWorker.invokeTestMethods(TestMethodWorker.java:124)
	at org.testng.internal.TestMethodWorker.run(TestMethodWorker.java:108)
	at org.testng.TestRunner.privateRun(TestRunner.java:773)
	at org.testng.TestRunner.run(TestRunner.java:623)
	at org.testng.SuiteRunner.runTest(SuiteRunner.java:357)
	at org.testng.SuiteRunner.runSequentially(SuiteRunner.java:352)
	at org.testng.SuiteRunner.privateRun(SuiteRunner.java:310)
	at org.testng.SuiteRunner.run(SuiteRunner.java:259)
	at org.testng.SuiteRunnerWorker.runSuite(SuiteRunnerWorker.java:52)
	at org.testng.SuiteRunnerWorker.run(SuiteRunnerWorker.java:86)
	at org.testng.TestNG.runSuitesSequentially(TestNG.java:1185)
	at org.testng.TestNG.runSuitesLocally(TestNG.java:1110)
	at org.testng.TestNG.run(TestNG.java:1018)
	at org.testng.remote.AbstractRemoteTestNG.run(AbstractRemoteTestNG.java:132)
	at org.testng.remote.RemoteTestNG.initAndRun(RemoteTestNG.java:230)
	at org.testng.remote.RemoteTestNG.main(RemoteTestNG.java:76)
]]>
            </full-stacktrace>
          </exception> <!-- org.openqa.selenium.ElementNotVisibleException -->
          <reporter-output>
          </reporter-output>
        </test-method> <!-- setup -->
        <test-method status="SKIP" signature="quit()[pri:0, instance:com.crm.testcases.ContactsPageTest@e45f292]" name="quit" is-config="true" duration-ms="0" started-at="2018-07-03T15:49:14Z" finished-at="2018-07-03T15:49:14Z">
          <reporter-output>
          </reporter-output>
        </test-method> <!-- quit -->
        <test-method status="SKIP" signature="Newcontact(java.lang.String, java.lang.String, java.lang.String)[pri:0, instance:com.crm.testcases.ContactsPageTest@e45f292]" name="Newcontact" duration-ms="0" started-at="2018-07-03T15:49:14Z" data-provider="getcontact" finished-at="2018-07-03T15:49:14Z">
          <params>
            <param index="0">
              <value>
                <![CDATA[Mr.]]>
              </value>
            </param>
            <param index="1">
              <value>
                <![CDATA[david ]]>
              </value>
            </param>
            <param index="2">
              <value>
                <![CDATA[james]]>
              </value>
            </param>
          </params>
          <reporter-output>
          </reporter-output>
        </test-method> <!-- Newcontact -->
      </class> <!-- com.crm.testcases.ContactsPageTest -->
    </test> <!-- ContactsPageTest -->
  </suite> <!-- SuiteName -->
</testng-results>
