<?xml version="1.0" encoding="UTF-8"?>
<testng-results skipped="0" failed="2" total="8" passed="6">
  <reporter-output>
  </reporter-output>
  <suite name="SuiteName" duration-ms="141198" started-at="2018-07-05T14:35:54Z" finished-at="2018-07-05T14:38:15Z">
    <groups>
    </groups>
    <test name="LoginTest" duration-ms="25303" started-at="2018-07-05T14:35:54Z" finished-at="2018-07-05T14:36:19Z">
      <class name="com.crm.testcases.LoginTest">
        <test-method status="PASS" signature="setup()[pri:0, instance:com.crm.testcases.LoginTest@6eebc39e]" name="setup" is-config="true" duration-ms="6017" started-at="2018-07-05T10:35:54Z" finished-at="2018-07-05T10:36:00Z">
          <reporter-output>
          </reporter-output>
        </test-method> <!-- setup -->
        <test-method status="PASS" signature="crmlogotest()[pri:0, instance:com.crm.testcases.LoginTest@6eebc39e]" name="crmlogotest" duration-ms="117" started-at="2018-07-05T10:36:00Z" finished-at="2018-07-05T10:36:00Z">
          <reporter-output>
          </reporter-output>
        </test-method> <!-- crmlogotest -->
        <test-method status="PASS" signature="quit()[pri:0, instance:com.crm.testcases.LoginTest@6eebc39e]" name="quit" is-config="true" duration-ms="1544" started-at="2018-07-05T10:36:00Z" finished-at="2018-07-05T10:36:02Z">
          <reporter-output>
          </reporter-output>
        </test-method> <!-- quit -->
        <test-method status="PASS" signature="setup()[pri:0, instance:com.crm.testcases.LoginTest@6eebc39e]" name="setup" is-config="true" duration-ms="4944" started-at="2018-07-05T10:36:02Z" finished-at="2018-07-05T10:36:07Z">
          <reporter-output>
          </reporter-output>
        </test-method> <!-- setup -->
        <test-method status="PASS" signature="loginpagetest()[pri:0, instance:com.crm.testcases.LoginTest@6eebc39e]" name="loginpagetest" duration-ms="5774" started-at="2018-07-05T10:36:07Z" finished-at="2018-07-05T10:36:13Z">
          <reporter-output>
          </reporter-output>
        </test-method> <!-- loginpagetest -->
        <test-method status="PASS" signature="quit()[pri:0, instance:com.crm.testcases.LoginTest@6eebc39e]" name="quit" is-config="true" duration-ms="1036" started-at="2018-07-05T10:36:13Z" finished-at="2018-07-05T10:36:14Z">
          <reporter-output>
          </reporter-output>
        </test-method> <!-- quit -->
        <test-method status="PASS" signature="setup()[pri:0, instance:com.crm.testcases.LoginTest@6eebc39e]" name="setup" is-config="true" duration-ms="4893" started-at="2018-07-05T10:36:14Z" finished-at="2018-07-05T10:36:18Z">
          <reporter-output>
          </reporter-output>
        </test-method> <!-- setup -->
        <test-method status="PASS" signature="loginpagetitletest()[pri:0, instance:com.crm.testcases.LoginTest@6eebc39e]" name="loginpagetitletest" duration-ms="21" started-at="2018-07-05T10:36:18Z" finished-at="2018-07-05T10:36:19Z">
          <reporter-output>
          </reporter-output>
        </test-method> <!-- loginpagetitletest -->
        <test-method status="PASS" signature="quit()[pri:0, instance:com.crm.testcases.LoginTest@6eebc39e]" name="quit" is-config="true" duration-ms="915" started-at="2018-07-05T10:36:19Z" finished-at="2018-07-05T10:36:19Z">
          <reporter-output>
          </reporter-output>
        </test-method> <!-- quit -->
      </class> <!-- com.crm.testcases.LoginTest -->
    </test> <!-- LoginTest -->
    <test name="HomePageTest" duration-ms="91016" started-at="2018-07-05T14:36:19Z" finished-at="2018-07-05T14:37:50Z">
      <class name="com.crm.testcases.HomePageTest">
        <test-method status="PASS" signature="setup()[pri:0, instance:com.crm.testcases.HomePageTest@56ef9176]" name="setup" is-config="true" duration-ms="10311" started-at="2018-07-05T10:36:19Z" finished-at="2018-07-05T10:36:30Z">
          <reporter-output>
          </reporter-output>
        </test-method> <!-- setup -->
        <test-method status="PASS" signature="verifyhometitle()[pri:0, instance:com.crm.testcases.HomePageTest@56ef9176]" name="verifyhometitle" duration-ms="151" started-at="2018-07-05T10:36:30Z" finished-at="2018-07-05T10:36:30Z">
          <reporter-output>
          </reporter-output>
        </test-method> <!-- verifyhometitle -->
        <test-method status="PASS" signature="quit()[pri:0, instance:com.crm.testcases.HomePageTest@56ef9176]" name="quit" is-config="true" duration-ms="966" started-at="2018-07-05T10:36:30Z" finished-at="2018-07-05T10:36:31Z">
          <reporter-output>
          </reporter-output>
        </test-method> <!-- quit -->
        <test-method status="PASS" signature="setup()[pri:0, instance:com.crm.testcases.HomePageTest@56ef9176]" name="setup" is-config="true" duration-ms="8120" started-at="2018-07-05T10:36:31Z" finished-at="2018-07-05T10:36:39Z">
          <reporter-output>
          </reporter-output>
        </test-method> <!-- setup -->
        <test-method status="FAIL" signature="click()[pri:0, instance:com.crm.testcases.HomePageTest@56ef9176]" name="click" duration-ms="70583" started-at="2018-07-05T10:36:39Z" finished-at="2018-07-05T10:37:50Z">
          <exception class="java.lang.NullPointerException">
            <full-stacktrace>
              <![CDATA[java.lang.NullPointerException
	at org.openqa.selenium.support.events.EventFiringWebDriver.extractInterfaces(EventFiringWebDriver.java:119)
	at org.openqa.selenium.support.events.EventFiringWebDriver.access$500(EventFiringWebDriver.java:65)
	at org.openqa.selenium.support.events.EventFiringWebDriver$EventFiringWebElement.<init>(EventFiringWebDriver.java:328)
	at org.openqa.selenium.support.events.EventFiringWebDriver$EventFiringWebElement.<init>(EventFiringWebDriver.java:320)
	at org.openqa.selenium.support.events.EventFiringWebDriver.createWebElement(EventFiringWebDriver.java:290)
	at org.openqa.selenium.support.events.EventFiringWebDriver.findElement(EventFiringWebDriver.java:190)
	at org.openqa.selenium.support.pagefactory.DefaultElementLocator.findElement(DefaultElementLocator.java:69)
	at org.openqa.selenium.support.pagefactory.internal.LocatingElementHandler.invoke(LocatingElementHandler.java:38)
	at com.sun.proxy.$Proxy10.click(Unknown Source)
	at com.crm.pages.HomePage.clickonContacts(HomePage.java:51)
	at com.crm.testcases.HomePageTest.click(HomePageTest.java:45)
	at sun.reflect.NativeMethodAccessorImpl.invoke0(Native Method)
	at sun.reflect.NativeMethodAccessorImpl.invoke(NativeMethodAccessorImpl.java:62)
	at sun.reflect.DelegatingMethodAccessorImpl.invoke(DelegatingMethodAccessorImpl.java:43)
	at java.lang.reflect.Method.invoke(Method.java:498)
	at org.testng.internal.MethodInvocationHelper.invokeMethod(MethodInvocationHelper.java:85)
	at org.testng.internal.Invoker.invokeMethod(Invoker.java:639)
	at org.testng.internal.Invoker.invokeTestMethod(Invoker.java:821)
	at org.testng.internal.Invoker.invokeTestMethods(Invoker.java:1131)
	at org.testng.internal.TestMethodWorker.invokeTestMethods(TestMethodWorker.java:124)
	at org.testng.internal.TestMethodWorker.run(TestMethodWorker.java:108)
	at org.testng.TestRunner.privateRun(TestRunner.java:773)
	at org.testng.TestRunner.run(TestRunner.java:623)
	at org.testng.SuiteRunner.runTest(SuiteRunner.java:357)
	at org.testng.SuiteRunner.runSequentially(SuiteRunner.java:352)
	at org.testng.SuiteRunner.privateRun(SuiteRunner.java:310)
	at org.testng.SuiteRunner.run(SuiteRunner.java:259)
	at org.testng.SuiteRunnerWorker.runSuite(SuiteRunnerWorker.java:52)
	at org.testng.SuiteRunnerWorker.run(SuiteRunnerWorker.java:86)
	at org.testng.TestNG.runSuitesSequentially(TestNG.java:1185)
	at org.testng.TestNG.runSuitesLocally(TestNG.java:1110)
	at org.testng.TestNG.run(TestNG.java:1018)
	at org.testng.remote.AbstractRemoteTestNG.run(AbstractRemoteTestNG.java:132)
	at org.testng.remote.RemoteTestNG.initAndRun(RemoteTestNG.java:230)
	at org.testng.remote.RemoteTestNG.main(RemoteTestNG.java:76)
]]>
            </full-stacktrace>
          </exception> <!-- java.lang.NullPointerException -->
          <reporter-output>
          </reporter-output>
        </test-method> <!-- click -->
        <test-method status="PASS" signature="quit()[pri:0, instance:com.crm.testcases.HomePageTest@56ef9176]" name="quit" is-config="true" duration-ms="874" started-at="2018-07-05T10:37:50Z" finished-at="2018-07-05T10:37:50Z">
          <reporter-output>
          </reporter-output>
        </test-method> <!-- quit -->
      </class> <!-- com.crm.testcases.HomePageTest -->
    </test> <!-- HomePageTest -->
    <test name="ContactsPageTest" duration-ms="24795" started-at="2018-07-05T14:37:50Z" finished-at="2018-07-05T14:38:15Z">
      <class name="com.crm.testcases.ContactsPageTest">
        <test-method status="PASS" signature="setup()[pri:0, instance:com.crm.testcases.ContactsPageTest@4bec1f0c]" name="setup" is-config="true" duration-ms="12198" started-at="2018-07-05T10:37:51Z" finished-at="2018-07-05T10:38:04Z">
          <reporter-output>
          </reporter-output>
        </test-method> <!-- setup -->
        <test-method status="PASS" signature="Newcontact(java.lang.String, java.lang.String, java.lang.String)[pri:0, instance:com.crm.testcases.ContactsPageTest@4bec1f0c]" name="Newcontact" duration-ms="546" started-at="2018-07-05T10:38:04Z" data-provider="getcontact" finished-at="2018-07-05T10:38:04Z">
          <params>
            <param index="0">
              <value>
                <![CDATA[Mr.]]>
              </value>
            </param>
            <param index="1">
              <value>
                <![CDATA[tom]]>
              </value>
            </param>
            <param index="2">
              <value>
                <![CDATA[chris]]>
              </value>
            </param>
          </params>
          <reporter-output>
          </reporter-output>
        </test-method> <!-- Newcontact -->
        <test-method status="PASS" signature="quit()[pri:0, instance:com.crm.testcases.ContactsPageTest@4bec1f0c]" name="quit" is-config="true" duration-ms="1022" started-at="2018-07-05T10:38:04Z" finished-at="2018-07-05T10:38:05Z">
          <reporter-output>
          </reporter-output>
        </test-method> <!-- quit -->
        <test-method status="PASS" signature="setup()[pri:0, instance:com.crm.testcases.ContactsPageTest@4bec1f0c]" name="setup" is-config="true" duration-ms="8511" started-at="2018-07-05T10:38:05Z" finished-at="2018-07-05T10:38:14Z">
          <reporter-output>
          </reporter-output>
        </test-method> <!-- setup -->
        <test-method status="PASS" signature="Newcontact(java.lang.String, java.lang.String, java.lang.String)[pri:0, instance:com.crm.testcases.ContactsPageTest@4bec1f0c]" name="Newcontact" duration-ms="624" started-at="2018-07-05T10:38:14Z" data-provider="getcontact" finished-at="2018-07-05T10:38:14Z">
          <params>
            <param index="0">
              <value>
                <![CDATA[Mr.]]>
              </value>
            </param>
            <param index="1">
              <value>
                <![CDATA[david ]]>
              </value>
            </param>
            <param index="2">
              <value>
                <![CDATA[james]]>
              </value>
            </param>
          </params>
          <reporter-output>
          </reporter-output>
        </test-method> <!-- Newcontact -->
        <test-method status="PASS" signature="quit()[pri:0, instance:com.crm.testcases.ContactsPageTest@4bec1f0c]" name="quit" is-config="true" duration-ms="1061" started-at="2018-07-05T10:38:14Z" finished-at="2018-07-05T10:38:15Z">
          <reporter-output>
          </reporter-output>
        </test-method> <!-- quit -->
      </class> <!-- com.crm.testcases.ContactsPageTest -->
    </test> <!-- ContactsPageTest -->
    <test name="SendMail" duration-ms="20" started-at="2018-07-05T14:38:15Z" finished-at="2018-07-05T14:38:15Z">
      <class name="com.crm.util.SendMail">
        <test-method status="FAIL" signature="SendMail()[pri:0, instance:com.crm.util.SendMail@192b07fd]" name="SendMail" duration-ms="16" started-at="2018-07-05T10:38:15Z" finished-at="2018-07-05T10:38:15Z">
          <exception class="java.lang.NullPointerException">
            <full-stacktrace>
              <![CDATA[java.lang.NullPointerException
	at java.io.File.<init>(File.java:277)
	at com.crm.util.SendMail.SendMail(SendMail.java:43)
	at sun.reflect.NativeMethodAccessorImpl.invoke0(Native Method)
	at sun.reflect.NativeMethodAccessorImpl.invoke(NativeMethodAccessorImpl.java:62)
	at sun.reflect.DelegatingMethodAccessorImpl.invoke(DelegatingMethodAccessorImpl.java:43)
	at java.lang.reflect.Method.invoke(Method.java:498)
	at org.testng.internal.MethodInvocationHelper.invokeMethod(MethodInvocationHelper.java:85)
	at org.testng.internal.Invoker.invokeMethod(Invoker.java:639)
	at org.testng.internal.Invoker.invokeTestMethod(Invoker.java:821)
	at org.testng.internal.Invoker.invokeTestMethods(Invoker.java:1131)
	at org.testng.internal.TestMethodWorker.invokeTestMethods(TestMethodWorker.java:124)
	at org.testng.internal.TestMethodWorker.run(TestMethodWorker.java:108)
	at org.testng.TestRunner.privateRun(TestRunner.java:773)
	at org.testng.TestRunner.run(TestRunner.java:623)
	at org.testng.SuiteRunner.runTest(SuiteRunner.java:357)
	at org.testng.SuiteRunner.runSequentially(SuiteRunner.java:352)
	at org.testng.SuiteRunner.privateRun(SuiteRunner.java:310)
	at org.testng.SuiteRunner.run(SuiteRunner.java:259)
	at org.testng.SuiteRunnerWorker.runSuite(SuiteRunnerWorker.java:52)
	at org.testng.SuiteRunnerWorker.run(SuiteRunnerWorker.java:86)
	at org.testng.TestNG.runSuitesSequentially(TestNG.java:1185)
	at org.testng.TestNG.runSuitesLocally(TestNG.java:1110)
	at org.testng.TestNG.run(TestNG.java:1018)
	at org.testng.remote.AbstractRemoteTestNG.run(AbstractRemoteTestNG.java:132)
	at org.testng.remote.RemoteTestNG.initAndRun(RemoteTestNG.java:230)
	at org.testng.remote.RemoteTestNG.main(RemoteTestNG.java:76)
]]>
            </full-stacktrace>
          </exception> <!-- java.lang.NullPointerException -->
          <reporter-output>
          </reporter-output>
        </test-method> <!-- SendMail -->
      </class> <!-- com.crm.util.SendMail -->
    </test> <!-- SendMail -->
  </suite> <!-- SuiteName -->
</testng-results>
