<?xml version="1.0" encoding="UTF-8"?>
<!-- Generated by org.testng.reporters.JUnitXMLReporter -->
<testsuite hostname="Nikil" name="LoginTest" tests="3" failures="0" timestamp="5 Jul 2018 15:40:46 GMT" time="26.109" errors="0">
  <testcase name="crmlogotest" time="0.123" classname="com.crm.testcases.LoginTest"/>
  <testcase name="loginpagetest" time="8.088" classname="com.crm.testcases.LoginTest"/>
  <testcase name="loginpagetitletest" time="0.017" classname="com.crm.testcases.LoginTest"/>
</testsuite> <!-- LoginTest -->
