<?xml version="1.0" encoding="UTF-8"?>
<!-- Generated by org.testng.reporters.JUnitXMLReporter -->
<testsuite hostname="Nikil" name="LoginTest" tests="3" failures="0" timestamp="3 Jul 2018 19:46:52 GMT" time="35.34" errors="0">
  <testcase name="crmlogotest" time="0.094" classname="com.crm.testcases.LoginTest"/>
  <testcase name="loginpagetest" time="13.791" classname="com.crm.testcases.LoginTest"/>
  <testcase name="loginpagetitletest" time="0.014" classname="com.crm.testcases.LoginTest"/>
</testsuite> <!-- LoginTest -->
