<?xml version="1.0" encoding="UTF-8"?>
<!-- Generated by org.testng.reporters.JUnitXMLReporter -->
<testsuite hostname="Nikil" name="SendMail" tests="1" failures="1" timestamp="5 Jul 2018 14:38:15 GMT" time="0.02" errors="0">
  <testcase name="SendMail" time="0.016" classname="com.crm.util.SendMail">
    <failure type="java.lang.NullPointerException">
      <![CDATA[java.lang.NullPointerException
	at java.io.File.<init>(File.java:277)
	at com.crm.util.SendMail.SendMail(SendMail.java:43)
... Removed 24 stack frames]]>
    </failure>
  </testcase> <!-- SendMail -->
</testsuite> <!-- SendMail -->
